<?xml version="1.0" encoding="UTF-8"?>
<testng-results ignored="0" total="1" passed="1" failed="0" skipped="0">
  <reporter-output>
  </reporter-output>
  <suite started-at="2022-05-10T23:48:31 IST" name="Suite" finished-at="2022-05-10T23:49:12 IST" duration-ms="41464">
    <groups>
    </groups>
    <test started-at="2022-05-10T23:48:31 IST" name="Test" finished-at="2022-05-10T23:49:12 IST" duration-ms="41464">
      <class name="Test.LoginTest">
        <test-method signature="validateLogin()[pri:0, instance:Test.LoginTest@5f058f00]" started-at="2022-05-10T23:48:32 IST" name="validateLogin" finished-at="2022-05-10T23:49:12 IST" duration-ms="40861" status="PASS">
          <reporter-output>
          </reporter-output>
        </test-method> <!-- validateLogin -->
      </class> <!-- Test.LoginTest -->
    </test> <!-- Test -->
  </suite> <!-- Suite -->
</testng-results>
